生成启动时间为 2019/10/17 23:14:48。
     1>项目“C:\Users\Administrator\Desktop\Git\Individual-Project\ConsoleApplication1\ConsoleApplication1\ConsoleApplication1.vcxproj”在节点 2 上(Build 个目标)。
     1>C:\Program Files (x86)\MSBuild\Microsoft.Cpp\v4.0\V140\Microsoft.CppBuild.targets(392,5): warning MSB8028: The intermediate directory (Debug\) contains files shared from another project (ConsoleApplication1.vcxproj).  This can lead to incorrect clean and rebuild behavior.
     1>ClCompile:
         D:\vs2015\install\VC\bin\CL.exe /c /ZI /nologo /W3 /WX- /sdl- /Od /Oy- /D WIN32 /D _DEBUG /D _CONSOLE /D _UNICODE /D UNICODE /Gm /EHsc /RTC1 /MDd /GS /fp:precise /Zc:wchar_t /Zc:forScope /Zc:inline /Yu"stdafx.h" /Fp"Debug\wf.pch" /Fo"Debug\\" /Fd"Debug\vc140.pdb" /Gd /TP /analyze- /errorReport:prompt ConsoleApplication1.cpp
         ConsoleApplication1.cpp
     1>c:\users\administrator\desktop\git\individual-project\consoleapplication1\consoleapplication1\consoleapplication1.cpp(84): warning C4244: “参数”: 从“ll”转换到“unsigned int”，可能丢失数据
     1>c:\users\administrator\desktop\git\individual-project\consoleapplication1\consoleapplication1\consoleapplication1.cpp(172): warning C4244: “初始化”: 从“double”转换到“int”，可能丢失数据
     1>c:\users\administrator\desktop\git\individual-project\consoleapplication1\consoleapplication1\consoleapplication1.cpp(181): warning C4996: 'freopen': This function or variable may be unsafe. Consider using freopen_s instead. To disable deprecation, use _CRT_SECURE_NO_WARNINGS. See online help for details.
         c:\program files (x86)\windows kits\10\include\10.0.10150.0\ucrt\stdio.h(240): note: 参见“freopen”的声明
     1>c:\users\administrator\desktop\git\individual-project\consoleapplication1\consoleapplication1\consoleapplication1.cpp(261): warning C4244: “参数”: 从“ll”转换到“unsigned int”，可能丢失数据
     1>c:\users\administrator\desktop\git\individual-project\consoleapplication1\consoleapplication1\consoleapplication1.cpp(277): warning C4996: 'freopen': This function or variable may be unsafe. Consider using freopen_s instead. To disable deprecation, use _CRT_SECURE_NO_WARNINGS. See online help for details.
         c:\program files (x86)\windows kits\10\include\10.0.10150.0\ucrt\stdio.h(240): note: 参见“freopen”的声明
     1>c:\users\administrator\desktop\git\individual-project\consoleapplication1\consoleapplication1\consoleapplication1.cpp(347): warning C4244: “初始化”: 从“ll”转换到“int”，可能丢失数据
     1>c:\users\administrator\desktop\git\individual-project\consoleapplication1\consoleapplication1\consoleapplication1.cpp(349): warning C4244: “=”: 从“const ll”转换到“int”，可能丢失数据
     1>c:\users\administrator\desktop\git\individual-project\consoleapplication1\consoleapplication1\consoleapplication1.cpp(344): warning C4996: 'freopen': This function or variable may be unsafe. Consider using freopen_s instead. To disable deprecation, use _CRT_SECURE_NO_WARNINGS. See online help for details.
         c:\program files (x86)\windows kits\10\include\10.0.10150.0\ucrt\stdio.h(240): note: 参见“freopen”的声明
     1>c:\users\administrator\desktop\git\individual-project\consoleapplication1\consoleapplication1\consoleapplication1.cpp(421): warning C4996: 'freopen': This function or variable may be unsafe. Consider using freopen_s instead. To disable deprecation, use _CRT_SECURE_NO_WARNINGS. See online help for details.
         c:\program files (x86)\windows kits\10\include\10.0.10150.0\ucrt\stdio.h(240): note: 参见“freopen”的声明
     1>c:\users\administrator\desktop\git\individual-project\consoleapplication1\consoleapplication1\consoleapplication1.cpp(495): warning C4244: “参数”: 从“ll”转换到“unsigned int”，可能丢失数据
     1>c:\users\administrator\desktop\git\individual-project\consoleapplication1\consoleapplication1\consoleapplication1.cpp(518): warning C4244: “参数”: 从“ll”转换到“unsigned int”，可能丢失数据
     1>c:\users\administrator\desktop\git\individual-project\consoleapplication1\consoleapplication1\consoleapplication1.cpp(536): warning C4996: 'freopen': This function or variable may be unsafe. Consider using freopen_s instead. To disable deprecation, use _CRT_SECURE_NO_WARNINGS. See online help for details.
         c:\program files (x86)\windows kits\10\include\10.0.10150.0\ucrt\stdio.h(240): note: 参见“freopen”的声明
       Link:
         D:\vs2015\install\VC\bin\link.exe /ERRORREPORT:PROMPT /OUT:"C:\Users\Administrator\Desktop\Git\Individual-Project\ConsoleApplication1\Debug\wf.exe" /INCREMENTAL /NOLOGO kernel32.lib user32.lib gdi32.lib winspool.lib comdlg32.lib advapi32.lib shell32.lib ole32.lib oleaut32.lib uuid.lib odbc32.lib odbccp32.lib /MANIFEST /MANIFESTUAC:"level='asInvoker' uiAccess='false'" /manifest:embed /Debug /PDB:"C:\Users\Administrator\Desktop\Git\Individual-Project\ConsoleApplication1\Debug\wf.pdb" /SUBSYSTEM:CONSOLE /TLBID:1 /DYNAMICBASE /NXCOMPAT /IMPLIB:"C:\Users\Administrator\Desktop\Git\Individual-Project\ConsoleApplication1\Debug\wf.lib" /MACHINE:X86 Debug\ConsoleApplication1.obj
         Debug\stdafx.obj
         ConsoleApplication1.vcxproj -> C:\Users\Administrator\Desktop\Git\Individual-Project\ConsoleApplication1\Debug\wf.exe
     1>已完成生成项目“C:\Users\Administrator\Desktop\Git\Individual-Project\ConsoleApplication1\ConsoleApplication1\ConsoleApplication1.vcxproj”(Build 个目标)的操作。

已成功生成。

已用时间 00:00:02.62
